<?xml version="1.0" encoding="UTF-8"?>
<testng-results skipped="0" failed="0" ignored="0" total="1" passed="1">
  <reporter-output>
    <line>
      <![CDATA[Done<a href = D:\Workspace3\ScratchFramework\test-output\Screenshot\webPageWithValidTitle_0.png> [Screenshot] </a>]]>
    </line>
  </reporter-output>
  <suite name="Suite" duration-ms="218562" started-at="2019-08-22T08:53:40Z" finished-at="2019-08-22T08:57:18Z">
    <groups>
    </groups>
    <test name="Test" duration-ms="218562" started-at="2019-08-22T08:53:40Z" finished-at="2019-08-22T08:57:18Z">
      <class name="org.gradle.PersonTest">
        <test-method status="PASS" signature="initTest()[pri:0, instance:org.gradle.PersonTest@15c43bd9]" name="initTest" is-config="true" duration-ms="8" started-at="2019-08-22T14:23:40Z" finished-at="2019-08-22T14:23:40Z">
          <reporter-output>
          </reporter-output>
        </test-method> <!-- initTest -->
        <test-method status="PASS" signature="initDriver()[pri:0, instance:org.gradle.PersonTest@15c43bd9]" name="initDriver" is-config="true" duration-ms="6735" started-at="2019-08-22T14:23:40Z" finished-at="2019-08-22T14:23:46Z">
          <reporter-output>
          </reporter-output>
        </test-method> <!-- initDriver -->
        <test-method status="PASS" signature="webPageWithValidTitle()[pri:0, instance:org.gradle.PersonTest@15c43bd9]" name="webPageWithValidTitle" duration-ms="210695" started-at="2019-08-22T14:23:46Z" finished-at="2019-08-22T14:27:17Z">
          <reporter-output>
            <line>
              <![CDATA[Done<a href = D:\Workspace3\ScratchFramework\test-output\Screenshot\webPageWithValidTitle_0.png> [Screenshot] </a>]]>
            </line>
          </reporter-output>
        </test-method> <!-- webPageWithValidTitle -->
        <test-method status="PASS" signature="closeDriver()[pri:0, instance:org.gradle.PersonTest@15c43bd9]" name="closeDriver" is-config="true" duration-ms="1119" started-at="2019-08-22T14:27:17Z" finished-at="2019-08-22T14:27:18Z">
          <reporter-output>
          </reporter-output>
        </test-method> <!-- closeDriver -->
      </class> <!-- org.gradle.PersonTest -->
    </test> <!-- Test -->
  </suite> <!-- Suite -->
</testng-results>
